--- Copying files at Wed Jan  8 11:42:28 UTC 2020
--- Copying files at Wed Jan  8 11:42:37 UTC 2020
--- Copying files at Wed Jan  8 13:08:56 UTC 2020
--- Copying files at Wed Jan  8 17:07:05 UTC 2020
--- Copying files at Wed Jan  8 17:07:25 UTC 2020
--- Copying files at Wed Jan  8 17:14:46 UTC 2020
--- Copying files at Wed Jan  8 17:24:34 UTC 2020
--- Copying files at Wed Jan  8 17:28:18 UTC 2020
--- Copying files at Wed Jan  8 17:37:26 UTC 2020
--- Copying files at Wed Jan  8 17:42:49 UTC 2020
--- Copying files at Thu Jan  9 15:10:49 UTC 2020
--- Copying files at Thu Jan  9 15:12:04 UTC 2020
--- Copying files at Thu Jan  9 17:49:06 UTC 2020
--- Copying files at Mon Jan 13 13:29:31 UTC 2020
--- Copying files at Mon Jan 13 14:58:13 UTC 2020
--- Copying files at Tue Jan 14 18:44:46 UTC 2020
--- Copying files at Mon Jan 20 11:53:39 UTC 2020
--- Copying files at Fri Jan 31 11:11:03 UTC 2020
--- Copying files at Sat Feb  1 20:40:22 UTC 2020
--- Copying files at Sat Feb  1 20:57:05 UTC 2020
--- Copying files at Sun Feb  2 18:59:37 UTC 2020
--- Copying files at Sun Feb  2 19:14:12 UTC 2020
--- Copying files at Sun Feb  2 19:18:01 UTC 2020
--- Copying files at Sun Feb  2 19:19:37 UTC 2020
--- Copying files at Sun Feb  2 19:20:54 UTC 2020
--- Copying files at Mon Feb  3 01:55:34 UTC 2020
--- Copying files at Sun Mar 15 05:22:42 UTC 2020
